1712733215899	geckodriver	INFO	Listening on 127.0.0.1:54737
1712733216438	mozrunner::runner	INFO	Running command: MOZ_CRASHREPORTER="1" MOZ_CRASHREPORTER_NO_REPORT="1" MOZ_CRASHREPORTER_SHUTDOWN="1" MOZ_NO_REMOTE="1" "/usr ... 42" "--remote-debugging-port" "34719" "--remote-allow-hosts" "localhost" "-no-remote" "-profile" "/tmp/rust_mozprofilerKASV3"
*** You are running in headless mode.
console.warn: services.settings: Ignoring preference override of remote settings server
console.warn: services.settings: Allow by setting MOZ_REMOTE_SETTINGS_DEVTOOLS=1 in the environment
1712733217084	Marionette	INFO	Marionette enabled
1712733217201	Marionette	INFO	Listening on port 44177
WebDriver BiDi listening on ws://127.0.0.1:34719
Read port: 44177
1712733217448	RemoteAgent	WARN	TLS certificate errors will be ignored for this session
[GFX1-]: RenderCompositorSWGL failed mapping default framebuffer, no dt
console.error: ({})
DevTools listening on ws://127.0.0.1:34719/devtools/browser/4a3d5261-ec4b-4829-8454-81455e9c9bac
console.error: "update.locale" " file doesn't exist in either the application or GRE directories"
1712733247182	addons.xpi	ERROR	System addon update list error SyntaxError: XMLHttpRequest.open: 'http://%(server)s/dummy-system-addons.xml' is not a valid URL.
JavaScript warning: https://iza.ess.gov.si/assistant/common/2.5.5/js/assistant.js, line 62: unreachable code after return statement
JavaScript warning: https://iza.ess.gov.si/assistant/common/2.5.5/js/assistant.js, line 76: unreachable code after return statement
Exiting due to channel error.
Exiting due to channel error.
Exiting due to channel error.
Exiting due to channel error.
Exiting due to channel error.
Exiting due to channel error.
1713341251563	geckodriver	INFO	Listening on 127.0.0.1:58221
1713341252345	mozrunner::runner	INFO	Running command: MOZ_CRASHREPORTER="1" MOZ_CRASHREPORTER_NO_REPORT="1" MOZ_CRASHREPORTER_SHUTDOWN="1" MOZ_NO_REMOTE="1" "/sna ... ss" "--remote-debugging-port" "35093" "--remote-allow-hosts" "localhost" "-no-remote" "-profile" "/tmp/rust_mozprofileuXWqrQ"
*** You are running in headless mode.
Gtk-Message: 10:07:32.631: Not loading module "atk-bridge": The functionality is provided by GTK natively. Please try to not load it.
[GFX1-]: RenderCompositorSWGL failed mapping default framebuffer, no dt
1713341386448	geckodriver	INFO	Listening on 127.0.0.1:44541
1713341386727	mozrunner::runner	INFO	Running command: MOZ_CRASHREPORTER="1" MOZ_CRASHREPORTER_NO_REPORT="1" MOZ_CRASHREPORTER_SHUTDOWN="1" MOZ_NO_REMOTE="1" "/sna ... ss" "--remote-debugging-port" "49473" "--remote-allow-hosts" "localhost" "-no-remote" "-profile" "/tmp/rust_mozprofileBAH3dT"
*** You are running in headless mode.
Gtk-Message: 10:09:47.123: Not loading module "atk-bridge": The functionality is provided by GTK natively. Please try to not load it.
[GFX1-]: RenderCompositorSWGL failed mapping default framebuffer, no dt
1713341419438	geckodriver	INFO	Listening on 127.0.0.1:43053
1713341419737	mozrunner::runner	INFO	Running command: MOZ_CRASHREPORTER="1" MOZ_CRASHREPORTER_NO_REPORT="1" MOZ_CRASHREPORTER_SHUTDOWN="1" MOZ_NO_REMOTE="1" "/sna ... ss" "--remote-debugging-port" "35359" "--remote-allow-hosts" "localhost" "-no-remote" "-profile" "/tmp/rust_mozprofileZEperE"
*** You are running in headless mode.
Gtk-Message: 10:10:20.055: Not loading module "atk-bridge": The functionality is provided by GTK natively. Please try to not load it.
[GFX1-]: RenderCompositorSWGL failed mapping default framebuffer, no dt
1713341444753	geckodriver	INFO	Listening on 127.0.0.1:36109
1713341445560	mozrunner::runner	INFO	Running command: MOZ_CRASHREPORTER="1" MOZ_CRASHREPORTER_NO_REPORT="1" MOZ_CRASHREPORTER_SHUTDOWN="1" MOZ_NO_REMOTE="1" "/sna ... ss" "--remote-debugging-port" "47883" "--remote-allow-hosts" "localhost" "-no-remote" "-profile" "/tmp/rust_mozprofileOrYKpz"
*** You are running in headless mode.
Gtk-Message: 10:10:45.845: Not loading module "atk-bridge": The functionality is provided by GTK natively. Please try to not load it.
[GFX1-]: RenderCompositorSWGL failed mapping default framebuffer, no dt
1713341459797	geckodriver	INFO	Listening on 127.0.0.1:46427
1713341460086	mozrunner::runner	INFO	Running command: MOZ_CRASHREPORTER="1" MOZ_CRASHREPORTER_NO_REPORT="1" MOZ_CRASHREPORTER_SHUTDOWN="1" MOZ_NO_REMOTE="1" "/sna ... ss" "--remote-debugging-port" "41123" "--remote-allow-hosts" "localhost" "-no-remote" "-profile" "/tmp/rust_mozprofileAiFzLt"
*** You are running in headless mode.
Gtk-Message: 10:11:00.345: Not loading module "atk-bridge": The functionality is provided by GTK natively. Please try to not load it.
[GFX1-]: RenderCompositorSWGL failed mapping default framebuffer, no dt
1713341567169	geckodriver	INFO	Listening on 127.0.0.1:50105
1713341567990	mozrunner::runner	INFO	Running command: MOZ_CRASHREPORTER="1" MOZ_CRASHREPORTER_NO_REPORT="1" MOZ_CRASHREPORTER_SHUTDOWN="1" MOZ_NO_REMOTE="1" "/sna ... ss" "--remote-debugging-port" "48701" "--remote-allow-hosts" "localhost" "-no-remote" "-profile" "/tmp/rust_mozprofilelSQX0E"
*** You are running in headless mode.
Gtk-Message: 10:12:48.254: Not loading module "atk-bridge": The functionality is provided by GTK natively. Please try to not load it.
[GFX1-]: RenderCompositorSWGL failed mapping default framebuffer, no dt
1713341618834	geckodriver	INFO	Listening on 127.0.0.1:53349
1713341619620	mozrunner::runner	INFO	Running command: MOZ_CRASHREPORTER="1" MOZ_CRASHREPORTER_NO_REPORT="1" MOZ_CRASHREPORTER_SHUTDOWN="1" MOZ_NO_REMOTE="1" "/sna ... ss" "--remote-debugging-port" "60205" "--remote-allow-hosts" "localhost" "-no-remote" "-profile" "/tmp/rust_mozprofilelJDK8u"
*** You are running in headless mode.
Gtk-Message: 10:13:39.876: Not loading module "atk-bridge": The functionality is provided by GTK natively. Please try to not load it.
[GFX1-]: RenderCompositorSWGL failed mapping default framebuffer, no dt
1713341627371	geckodriver	INFO	Listening on 127.0.0.1:53259
1713341627633	mozrunner::runner	INFO	Running command: MOZ_CRASHREPORTER="1" MOZ_CRASHREPORTER_NO_REPORT="1" MOZ_CRASHREPORTER_SHUTDOWN="1" MOZ_NO_REMOTE="1" "/sna ... ss" "--remote-debugging-port" "34525" "--remote-allow-hosts" "localhost" "-no-remote" "-profile" "/tmp/rust_mozprofilewRvgAA"
*** You are running in headless mode.
Gtk-Message: 10:13:47.928: Not loading module "atk-bridge": The functionality is provided by GTK natively. Please try to not load it.
[GFX1-]: RenderCompositorSWGL failed mapping default framebuffer, no dt
1713341665028	geckodriver	INFO	Listening on 127.0.0.1:54467
1713341665828	mozrunner::runner	INFO	Running command: MOZ_CRASHREPORTER="1" MOZ_CRASHREPORTER_NO_REPORT="1" MOZ_CRASHREPORTER_SHUTDOWN="1" MOZ_NO_REMOTE="1" "/sna ... ss" "--remote-debugging-port" "50071" "--remote-allow-hosts" "localhost" "-no-remote" "-profile" "/tmp/rust_mozprofileVsFKkK"
*** You are running in headless mode.
Gtk-Message: 10:14:26.077: Not loading module "atk-bridge": The functionality is provided by GTK natively. Please try to not load it.
[GFX1-]: RenderCompositorSWGL failed mapping default framebuffer, no dt
1713341712752	geckodriver	INFO	Listening on 127.0.0.1:36993
1713341713051	mozrunner::runner	INFO	Running command: MOZ_CRASHREPORTER="1" MOZ_CRASHREPORTER_NO_REPORT="1" MOZ_CRASHREPORTER_SHUTDOWN="1" MOZ_NO_REMOTE="1" "/sna ... ss" "--remote-debugging-port" "50689" "--remote-allow-hosts" "localhost" "-no-remote" "-profile" "/tmp/rust_mozprofileyY7zbH"
*** You are running in headless mode.
Gtk-Message: 10:15:13.350: Not loading module "atk-bridge": The functionality is provided by GTK natively. Please try to not load it.
[GFX1-]: RenderCompositorSWGL failed mapping default framebuffer, no dt
1713341749350	geckodriver	INFO	Listening on 127.0.0.1:44461
1713341750166	mozrunner::runner	INFO	Running command: MOZ_CRASHREPORTER="1" MOZ_CRASHREPORTER_NO_REPORT="1" MOZ_CRASHREPORTER_SHUTDOWN="1" MOZ_NO_REMOTE="1" "/sna ... ss" "--remote-debugging-port" "47441" "--remote-allow-hosts" "localhost" "-no-remote" "-profile" "/tmp/rust_mozprofilegf1lcM"
*** You are running in headless mode.
Gtk-Message: 10:15:50.413: Not loading module "atk-bridge": The functionality is provided by GTK natively. Please try to not load it.
[GFX1-]: RenderCompositorSWGL failed mapping default framebuffer, no dt
1713341756964	geckodriver	INFO	Listening on 127.0.0.1:42443
1713341757771	mozrunner::runner	INFO	Running command: MOZ_CRASHREPORTER="1" MOZ_CRASHREPORTER_NO_REPORT="1" MOZ_CRASHREPORTER_SHUTDOWN="1" MOZ_NO_REMOTE="1" "/sna ... ss" "--remote-debugging-port" "49385" "--remote-allow-hosts" "localhost" "-no-remote" "-profile" "/tmp/rust_mozprofileyPuUpw"
*** You are running in headless mode.
Gtk-Message: 10:15:58.038: Not loading module "atk-bridge": The functionality is provided by GTK natively. Please try to not load it.
[GFX1-]: RenderCompositorSWGL failed mapping default framebuffer, no dt
1713342022423	geckodriver	INFO	Listening on 127.0.0.1:32951
1713342023249	mozrunner::runner	INFO	Running command: MOZ_CRASHREPORTER="1" MOZ_CRASHREPORTER_NO_REPORT="1" MOZ_CRASHREPORTER_SHUTDOWN="1" MOZ_NO_REMOTE="1" "/sna ... ss" "--remote-debugging-port" "56423" "--remote-allow-hosts" "localhost" "-no-remote" "-profile" "/tmp/rust_mozprofilewKEr3d"
*** You are running in headless mode.
Gtk-Message: 10:20:23.514: Not loading module "atk-bridge": The functionality is provided by GTK natively. Please try to not load it.
[GFX1-]: RenderCompositorSWGL failed mapping default framebuffer, no dt
1713342241899	geckodriver	INFO	Listening on 127.0.0.1:55521
1713342242688	mozrunner::runner	INFO	Running command: MOZ_CRASHREPORTER="1" MOZ_CRASHREPORTER_NO_REPORT="1" MOZ_CRASHREPORTER_SHUTDOWN="1" MOZ_NO_REMOTE="1" "/sna ... ss" "--remote-debugging-port" "46691" "--remote-allow-hosts" "localhost" "-no-remote" "-profile" "/tmp/rust_mozprofileG2xAgE"
*** You are running in headless mode.
Gtk-Message: 10:24:02.941: Not loading module "atk-bridge": The functionality is provided by GTK natively. Please try to not load it.
[GFX1-]: RenderCompositorSWGL failed mapping default framebuffer, no dt
1713342824048	geckodriver	INFO	Listening on 127.0.0.1:41065
1713342824590	mozrunner::runner	INFO	Running command: MOZ_CRASHREPORTER="1" MOZ_CRASHREPORTER_NO_REPORT="1" MOZ_CRASHREPORTER_SHUTDOWN="1" MOZ_NO_REMOTE="1" "/usr ... ss" "--remote-debugging-port" "54345" "--remote-allow-hosts" "localhost" "-no-remote" "-profile" "/tmp/rust_mozprofileAQXtbW"
*** You are running in headless mode.
console.warn: services.settings: Ignoring preference override of remote settings server
console.warn: services.settings: Allow by setting MOZ_REMOTE_SETTINGS_DEVTOOLS=1 in the environment
1713342825197	Marionette	INFO	Marionette enabled
1713342825291	Marionette	INFO	Listening on port 39531
Read port: 39531
WebDriver BiDi listening on ws://127.0.0.1:54345
1713342825378	RemoteAgent	WARN	TLS certificate errors will be ignored for this session
[GFX1-]: RenderCompositorSWGL failed mapping default framebuffer, no dt
console.error: ({})
DevTools listening on ws://127.0.0.1:54345/devtools/browser/49d98ad0-4b00-40d6-afca-8bb346114584
1713342855131	geckodriver	INFO	Listening on 127.0.0.1:36121
1713342855672	mozrunner::runner	INFO	Running command: MOZ_CRASHREPORTER="1" MOZ_CRASHREPORTER_NO_REPORT="1" MOZ_CRASHREPORTER_SHUTDOWN="1" MOZ_NO_REMOTE="1" "/usr ... ss" "--remote-debugging-port" "55643" "--remote-allow-hosts" "localhost" "-no-remote" "-profile" "/tmp/rust_mozprofileZNwuY1"
*** You are running in headless mode.
console.warn: services.settings: Ignoring preference override of remote settings server
console.warn: services.settings: Allow by setting MOZ_REMOTE_SETTINGS_DEVTOOLS=1 in the environment
1713342856230	Marionette	INFO	Marionette enabled
1713342856325	Marionette	INFO	Listening on port 34011
WebDriver BiDi listening on ws://127.0.0.1:55643
Read port: 34011
1713342856583	RemoteAgent	WARN	TLS certificate errors will be ignored for this session
[GFX1-]: RenderCompositorSWGL failed mapping default framebuffer, no dt
console.error: ({})
DevTools listening on ws://127.0.0.1:55643/devtools/browser/ae53fa36-0228-4a5e-b255-92c4ab377614
console.error: "update.locale" " file doesn't exist in either the application or GRE directories"
1713342887046	addons.xpi	ERROR	System addon update list error SyntaxError: XMLHttpRequest.open: 'http://%(server)s/dummy-system-addons.xml' is not a valid URL.
Exiting due to channel error.
Exiting due to channel error.
Exiting due to channel error.
Exiting due to channel error.
Exiting due to channel error.
1713342986525	geckodriver	INFO	Listening on 127.0.0.1:36731
1713342987057	mozrunner::runner	INFO	Running command: MOZ_CRASHREPORTER="1" MOZ_CRASHREPORTER_NO_REPORT="1" MOZ_CRASHREPORTER_SHUTDOWN="1" MOZ_NO_REMOTE="1" "/usr ... ss" "--remote-debugging-port" "60343" "--remote-allow-hosts" "localhost" "-no-remote" "-profile" "/tmp/rust_mozprofileI3qsGf"
*** You are running in headless mode.
console.warn: services.settings: Ignoring preference override of remote settings server
console.warn: services.settings: Allow by setting MOZ_REMOTE_SETTINGS_DEVTOOLS=1 in the environment
1713342987641	Marionette	INFO	Marionette enabled
1713342987728	Marionette	INFO	Listening on port 40015
WebDriver BiDi listening on ws://127.0.0.1:60343
Read port: 40015
1713342987950	RemoteAgent	WARN	TLS certificate errors will be ignored for this session
[GFX1-]: RenderCompositorSWGL failed mapping default framebuffer, no dt
console.error: ({})
DevTools listening on ws://127.0.0.1:60343/devtools/browser/c019811a-eda5-4df8-bacf-9d856339116f
console.error: "update.locale" " file doesn't exist in either the application or GRE directories"
1713343018297	addons.xpi	ERROR	System addon update list error SyntaxError: XMLHttpRequest.open: 'http://%(server)s/dummy-system-addons.xml' is not a valid URL.
1713343040389	geckodriver	INFO	Listening on 127.0.0.1:59901
1713343040921	mozrunner::runner	INFO	Running command: MOZ_CRASHREPORTER="1" MOZ_CRASHREPORTER_NO_REPORT="1" MOZ_CRASHREPORTER_SHUTDOWN="1" MOZ_NO_REMOTE="1" "/usr ... ss" "--remote-debugging-port" "39587" "--remote-allow-hosts" "localhost" "-no-remote" "-profile" "/tmp/rust_mozprofile9IECvu"
*** You are running in headless mode.
console.warn: services.settings: Ignoring preference override of remote settings server
console.warn: services.settings: Allow by setting MOZ_REMOTE_SETTINGS_DEVTOOLS=1 in the environment
1713343041487	Marionette	INFO	Marionette enabled
1713343041581	Marionette	INFO	Listening on port 40787
WebDriver BiDi listening on ws://127.0.0.1:39587
Read port: 40787
1713343041841	RemoteAgent	WARN	TLS certificate errors will be ignored for this session
[GFX1-]: RenderCompositorSWGL failed mapping default framebuffer, no dt
console.error: ({})
DevTools listening on ws://127.0.0.1:39587/devtools/browser/3862a81d-1ab1-4f5b-9cd7-a79b3fcd5e0f
console.error: "update.locale" " file doesn't exist in either the application or GRE directories"
1713343072256	addons.xpi	ERROR	System addon update list error SyntaxError: XMLHttpRequest.open: 'http://%(server)s/dummy-system-addons.xml' is not a valid URL.
1713343114938	geckodriver	INFO	Listening on 127.0.0.1:35165
1713343114949	mozrunner::runner	INFO	Running command: MOZ_CRASHREPORTER="1" MOZ_CRASHREPORTER_NO_REPORT="1" MOZ_CRASHREPORTER_SHUTDOWN="1" MOZ_NO_REMOTE="1" "/usr ... ss" "--remote-debugging-port" "52169" "--remote-allow-hosts" "localhost" "-no-remote" "-profile" "/tmp/rust_mozprofileCVv0o7"
*** You are running in headless mode.
console.warn: services.settings: Ignoring preference override of remote settings server
console.warn: services.settings: Allow by setting MOZ_REMOTE_SETTINGS_DEVTOOLS=1 in the environment
1713343115550	Marionette	INFO	Marionette enabled
1713343115657	Marionette	INFO	Listening on port 41341
WebDriver BiDi listening on ws://127.0.0.1:52169
Read port: 41341
1713343115948	RemoteAgent	WARN	TLS certificate errors will be ignored for this session
[GFX1-]: RenderCompositorSWGL failed mapping default framebuffer, no dt
console.error: ({})
DevTools listening on ws://127.0.0.1:52169/devtools/browser/ba7ac91d-46b4-4f31-86f2-fd21669c568a
1713343323367	geckodriver	INFO	Listening on 127.0.0.1:45923
1713343323923	mozrunner::runner	INFO	Running command: MOZ_CRASHREPORTER="1" MOZ_CRASHREPORTER_NO_REPORT="1" MOZ_CRASHREPORTER_SHUTDOWN="1" MOZ_NO_REMOTE="1" "/usr ... ss" "--remote-debugging-port" "39775" "--remote-allow-hosts" "localhost" "-no-remote" "-profile" "/tmp/rust_mozprofileqJ5POr"
*** You are running in headless mode.
console.warn: services.settings: Ignoring preference override of remote settings server
console.warn: services.settings: Allow by setting MOZ_REMOTE_SETTINGS_DEVTOOLS=1 in the environment
1713343324746	Marionette	INFO	Marionette enabled
1713343324845	Marionette	INFO	Listening on port 37201
WebDriver BiDi listening on ws://127.0.0.1:39775
Read port: 37201
1713343325137	RemoteAgent	WARN	TLS certificate errors will be ignored for this session
[GFX1-]: RenderCompositorSWGL failed mapping default framebuffer, no dt
console.error: ({})
DevTools listening on ws://127.0.0.1:39775/devtools/browser/95020a3c-6d1f-40be-be92-442bf43d0739
1713343339685	geckodriver	INFO	Listening on 127.0.0.1:52643
1713343339694	mozrunner::runner	INFO	Running command: MOZ_CRASHREPORTER="1" MOZ_CRASHREPORTER_NO_REPORT="1" MOZ_CRASHREPORTER_SHUTDOWN="1" MOZ_NO_REMOTE="1" "/usr ... ss" "--remote-debugging-port" "50717" "--remote-allow-hosts" "localhost" "-no-remote" "-profile" "/tmp/rust_mozprofileF1LQq7"
*** You are running in headless mode.
console.warn: services.settings: Ignoring preference override of remote settings server
console.warn: services.settings: Allow by setting MOZ_REMOTE_SETTINGS_DEVTOOLS=1 in the environment
1713343340240	Marionette	INFO	Marionette enabled
1713343340338	Marionette	INFO	Listening on port 34025
WebDriver BiDi listening on ws://127.0.0.1:50717
Read port: 34025
1713343340600	RemoteAgent	WARN	TLS certificate errors will be ignored for this session
[GFX1-]: RenderCompositorSWGL failed mapping default framebuffer, no dt
console.error: ({})
DevTools listening on ws://127.0.0.1:50717/devtools/browser/e887e120-515d-498d-80a7-e403067a97ed
console.error: "update.locale" " file doesn't exist in either the application or GRE directories"
1713343371566	addons.xpi	ERROR	System addon update list error SyntaxError: XMLHttpRequest.open: 'http://%(server)s/dummy-system-addons.xml' is not a valid URL.
1713343409300	geckodriver	INFO	Listening on 127.0.0.1:49781
1713343409311	mozrunner::runner	INFO	Running command: MOZ_CRASHREPORTER="1" MOZ_CRASHREPORTER_NO_REPORT="1" MOZ_CRASHREPORTER_SHUTDOWN="1" MOZ_NO_REMOTE="1" "/usr ... ss" "--remote-debugging-port" "39161" "--remote-allow-hosts" "localhost" "-no-remote" "-profile" "/tmp/rust_mozprofileZ5NGWx"
*** You are running in headless mode.
console.warn: services.settings: Ignoring preference override of remote settings server
console.warn: services.settings: Allow by setting MOZ_REMOTE_SETTINGS_DEVTOOLS=1 in the environment
1713343409912	Marionette	INFO	Marionette enabled
1713343410017	Marionette	INFO	Listening on port 36769
WebDriver BiDi listening on ws://127.0.0.1:39161
Read port: 36769
1713343410319	RemoteAgent	WARN	TLS certificate errors will be ignored for this session
[GFX1-]: RenderCompositorSWGL failed mapping default framebuffer, no dt
console.error: ({})
DevTools listening on ws://127.0.0.1:39161/devtools/browser/47f3833d-5b04-488b-b4b4-802db900aa5f
